# JRE version: Java(TM) SE Runtime Environment (8.0_121-b13) (build 1.8.0_121-b13)
# Java VM: Java HotSpot(TM) 64-Bit Server VM (25.121-b13 mixed mode windows-amd64 compressed oops)
Heap:
 PSYoungGen      total 174592K, used 6764K [0x000000076b300000, 0x0000000778e00000, 0x00000007c0000000)
  eden space 159232K, 4% used [0x000000076b300000,0x000000076b99b298,0x0000000774e80000)
  from space 15360K, 0% used [0x0000000775e80000,0x0000000775e80000,0x0000000776d80000)
  to   space 16384K, 0% used [0x0000000774e80000,0x0000000774e80000,0x0000000775e80000)
 ParOldGen       total 102400K, used 20712K [0x00000006c1800000, 0x00000006c7c00000, 0x000000076b300000)
  object space 102400K, 20% used [0x00000006c1800000,0x00000006c2c3a2e8,0x00000006c7c00000)
 Metaspace       used 35142K, capacity 35808K, committed 36352K, reserved 1081344K
  class space    used 4836K, capacity 5059K, committed 5120K, reserved 1048576K
GC Heap History (10 events):
Event: 2.836 GC heap before
{Heap before GC invocations=4 (full 1):
 PSYoungGen      total 76288K, used 8537K [0x000000076b300000, 0x0000000774800000, 0x00000007c0000000)
  eden space 65536K, 0% used [0x000000076b300000,0x000000076b300000,0x000000076f300000)
  from space 10752K, 79% used [0x000000076f300000,0x000000076fb56668,0x000000076fd80000)
  to   space 10752K, 0% used [0x0000000773d80000,0x0000000773d80000,0x0000000774800000)
 ParOldGen       total 175104K, used 2560K [0x00000006c1800000, 0x00000006cc300000, 0x000000076b300000)
  object space 175104K, 1% used [0x00000006c1800000,0x00000006c1a80370,0x00000006cc300000)
 Metaspace       used 20938K, capacity 21178K, committed 21296K, reserved 1067008K
  class space    used 2863K, capacity 2938K, committed 2944K, reserved 1048576K
Event: 2.880 GC heap after
Heap after GC invocations=4 (full 1):
 PSYoungGen      total 76288K, used 0K [0x000000076b300000, 0x0000000774800000, 0x00000007c0000000)
  eden space 65536K, 0% used [0x000000076b300000,0x000000076b300000,0x000000076f300000)
  from space 10752K, 0% used [0x000000076f300000,0x000000076f300000,0x000000076fd80000)
  to   space 10752K, 0% used [0x0000000773d80000,0x0000000773d80000,0x0000000774800000)
 ParOldGen       total 102400K, used 8905K [0x00000006c1800000, 0x00000006c7c00000, 0x000000076b300000)
  object space 102400K, 8% used [0x00000006c1800000,0x00000006c20b2528,0x00000006c7c00000)
 Metaspace       used 20938K, capacity 21178K, committed 21296K, reserved 1067008K
  class space    used 2863K, capacity 2938K, committed 2944K, reserved 1048576K
}
Event: 3.876 GC heap before
{Heap before GC invocations=5 (full 1):
 PSYoungGen      total 76288K, used 65536K [0x000000076b300000, 0x0000000774800000, 0x00000007c0000000)
  eden space 65536K, 100% used [0x000000076b300000,0x000000076f300000,0x000000076f300000)
  from space 10752K, 0% used [0x000000076f300000,0x000000076f300000,0x000000076fd80000)
  to   space 10752K, 0% used [0x0000000773d80000,0x0000000773d80000,0x0000000774800000)
 ParOldGen       total 102400K, used 8905K [0x00000006c1800000, 0x00000006c7c00000, 0x000000076b300000)
  object space 102400K, 8% used [0x00000006c1800000,0x00000006c20b2528,0x00000006c7c00000)
 Metaspace       used 26278K, capacity 26730K, committed 27136K, reserved 1073152K
  class space    used 3656K, capacity 3829K, committed 3840K, reserved 1048576K
Event: 3.885 GC heap after
Heap after GC invocations=5 (full 1):
 PSYoungGen      total 110592K, used 6234K [0x000000076b300000, 0x0000000774400000, 0x00000007c0000000)
  eden space 103936K, 0% used [0x000000076b300000,0x000000076b300000,0x0000000771880000)
  from space 6656K, 93% used [0x0000000773d80000,0x0000000774396bb8,0x0000000774400000)
  to   space 10752K, 0% used [0x0000000772f00000,0x0000000772f00000,0x0000000773980000)
 ParOldGen       total 102400K, used 8913K [0x00000006c1800000, 0x00000006c7c00000, 0x000000076b300000)
  object space 102400K, 8% used [0x00000006c1800000,0x00000006c20b4528,0x00000006c7c00000)
 Metaspace       used 26278K, capacity 26730K, committed 27136K, reserved 1073152K
  class space    used 3656K, capacity 3829K, committed 3840K, reserved 1048576K
}
Event: 5.456 GC heap before
{Heap before GC invocations=6 (full 1):
 PSYoungGen      total 110592K, used 110170K [0x000000076b300000, 0x0000000774400000, 0x00000007c0000000)
  eden space 103936K, 100% used [0x000000076b300000,0x0000000771880000,0x0000000771880000)
  from space 6656K, 93% used [0x0000000773d80000,0x0000000774396bb8,0x0000000774400000)
  to   space 10752K, 0% used [0x0000000772f00000,0x0000000772f00000,0x0000000773980000)
 ParOldGen       total 102400K, used 8913K [0x00000006c1800000, 0x00000006c7c00000, 0x000000076b300000)
  object space 102400K, 8% used [0x00000006c1800000,0x00000006c20b4528,0x00000006c7c00000)
 Metaspace       used 32901K, capacity 33404K, committed 33920K, reserved 1079296K
  class space    used 4506K, capacity 4643K, committed 4736K, reserved 1048576K
Event: 5.468 GC heap after
Heap after GC invocations=6 (full 1):
 PSYoungGen      total 137728K, used 10720K [0x000000076b300000, 0x0000000776d80000, 0x00000007c0000000)
  eden space 126976K, 0% used [0x000000076b300000,0x000000076b300000,0x0000000772f00000)
  from space 10752K, 99% used [0x0000000772f00000,0x0000000773978218,0x0000000773980000)
  to   space 15360K, 0% used [0x0000000775e80000,0x0000000775e80000,0x0000000776d80000)
 ParOldGen       total 102400K, used 9895K [0x00000006c1800000, 0x00000006c7c00000, 0x000000076b300000)
  object space 102400K, 9% used [0x00000006c1800000,0x00000006c21a9ec0,0x00000006c7c00000)
 Metaspace       used 32901K, capacity 33404K, committed 33920K, reserved 1079296K
  class space    used 4506K, capacity 4643K, committed 4736K, reserved 1048576K
}
Event: 6.401 GC heap before
{Heap before GC invocations=7 (full 1):
 PSYoungGen      total 137728K, used 59242K [0x000000076b300000, 0x0000000776d80000, 0x00000007c0000000)
  eden space 126976K, 38% used [0x000000076b300000,0x000000076e2628f0,0x0000000772f00000)
  from space 10752K, 99% used [0x0000000772f00000,0x0000000773978218,0x0000000773980000)
  to   space 15360K, 0% used [0x0000000775e80000,0x0000000775e80000,0x0000000776d80000)
 ParOldGen       total 102400K, used 9895K [0x00000006c1800000, 0x00000006c7c00000, 0x000000076b300000)
  object space 102400K, 9% used [0x00000006c1800000,0x00000006c21a9ec0,0x00000006c7c00000)
 Metaspace       used 34543K, capacity 35160K, committed 35456K, reserved 1079296K
  class space    used 4724K, capacity 4929K, committed 4992K, reserved 1048576K
Event: 6.410 GC heap after
Heap after GC invocations=7 (full 1):
 PSYoungGen      total 174592K, used 13234K [0x000000076b300000, 0x0000000778e00000, 0x00000007c0000000)
  eden space 159232K, 0% used [0x000000076b300000,0x000000076b300000,0x0000000774e80000)
  from space 15360K, 86% used [0x0000000775e80000,0x0000000776b6cb68,0x0000000776d80000)
  to   space 16384K, 0% used [0x0000000774e80000,0x0000000774e80000,0x0000000775e80000)
 ParOldGen       total 102400K, used 9903K [0x00000006c1800000, 0x00000006c7c00000, 0x000000076b300000)
  object space 102400K, 9% used [0x00000006c1800000,0x00000006c21abec0,0x00000006c7c00000)
 Metaspace       used 34543K, capacity 35160K, committed 35456K, reserved 1079296K
  class space    used 4724K, capacity 4929K, committed 4992K, reserved 1048576K
}
Event: 6.410 GC heap before
{Heap before GC invocations=8 (full 2):
 PSYoungGen      total 174592K, used 13234K [0x000000076b300000, 0x0000000778e00000, 0x00000007c0000000)
  eden space 159232K, 0% used [0x000000076b300000,0x000000076b300000,0x0000000774e80000)
  from space 15360K, 86% used [0x0000000775e80000,0x0000000776b6cb68,0x0000000776d80000)
  to   space 16384K, 0% used [0x0000000774e80000,0x0000000774e80000,0x0000000775e80000)
 ParOldGen       total 102400K, used 9903K [0x00000006c1800000, 0x00000006c7c00000, 0x000000076b300000)
  object space 102400K, 9% used [0x00000006c1800000,0x00000006c21abec0,0x00000006c7c00000)
 Metaspace       used 34543K, capacity 35160K, committed 35456K, reserved 1079296K
  class space    used 4724K, capacity 4929K, committed 4992K, reserved 1048576K
Event: 6.539 GC heap after
Heap after GC invocations=8 (full 2):
 PSYoungGen      total 174592K, used 0K [0x000000076b300000, 0x0000000778e00000, 0x00000007c0000000)
  eden space 159232K, 0% used [0x000000076b300000,0x000000076b300000,0x0000000774e80000)
  from space 15360K, 0% used [0x0000000775e80000,0x0000000775e80000,0x0000000776d80000)
  to   space 16384K, 0% used [0x0000000774e80000,0x0000000774e80000,0x0000000775e80000)
 ParOldGen       total 102400K, used 20712K [0x00000006c1800000, 0x00000006c7c00000, 0x000000076b300000)
  object space 102400K, 20% used [0x00000006c1800000,0x00000006c2c3a2e8,0x00000006c7c00000)
 Metaspace       used 34543K, capacity 35160K, committed 35456K, reserved 1079296K
  class space    used 4724K, capacity 4929K, committed 4992K, reserved 1048576K
}

