# JRE version: Java(TM) SE Runtime Environment (8.0_121-b13) (build 1.8.0_121-b13)
# Java VM: Java HotSpot(TM) 64-Bit Server VM (25.121-b13 mixed mode windows-amd64 compressed oops)
Heap:
 PSYoungGen      total 219136K, used 37825K [0x000000076b300000, 0x000000077c800000, 0x00000007c0000000)
  eden space 208384K, 12% used [0x000000076b300000,0x000000076cd73d18,0x0000000777e80000)
  from space 10752K, 99% used [0x000000077bd80000,0x000000077c7fc868,0x000000077c800000)
  to   space 10752K, 0% used [0x000000077b300000,0x000000077b300000,0x000000077bd80000)
 ParOldGen       total 151552K, used 23888K [0x00000006c1800000, 0x00000006cac00000, 0x000000076b300000)
  object space 151552K, 15% used [0x00000006c1800000,0x00000006c2f54140,0x00000006cac00000)
 Metaspace       used 45533K, capacity 46660K, committed 46720K, reserved 1089536K
  class space    used 6188K, capacity 6482K, committed 6528K, reserved 1048576K
GC Heap History (10 events):
Event: 2.131 GC heap before
{Heap before GC invocations=4 (full 1):
 PSYoungGen      total 141824K, used 8304K [0x000000076b300000, 0x000000077c800000, 0x00000007c0000000)
  eden space 131072K, 0% used [0x000000076b300000,0x000000076b300000,0x0000000773300000)
  from space 10752K, 77% used [0x0000000773300000,0x0000000773b1c070,0x0000000773d80000)
  to   space 10752K, 0% used [0x000000077bd80000,0x000000077bd80000,0x000000077c800000)
 ParOldGen       total 175104K, used 2861K [0x00000006c1800000, 0x00000006cc300000, 0x000000076b300000)
  object space 175104K, 1% used [0x00000006c1800000,0x00000006c1acb528,0x00000006cc300000)
 Metaspace       used 20968K, capacity 21166K, committed 21296K, reserved 1067008K
  class space    used 2861K, capacity 2934K, committed 2944K, reserved 1048576K
Event: 2.177 GC heap after
Heap after GC invocations=4 (full 1):
 PSYoungGen      total 141824K, used 0K [0x000000076b300000, 0x000000077c800000, 0x00000007c0000000)
  eden space 131072K, 0% used [0x000000076b300000,0x000000076b300000,0x0000000773300000)
  from space 10752K, 0% used [0x0000000773300000,0x0000000773300000,0x0000000773d80000)
  to   space 10752K, 0% used [0x000000077bd80000,0x000000077bd80000,0x000000077c800000)
 ParOldGen       total 100352K, used 8163K [0x00000006c1800000, 0x00000006c7a00000, 0x000000076b300000)
  object space 100352K, 8% used [0x00000006c1800000,0x00000006c1ff8e28,0x00000006c7a00000)
 Metaspace       used 20968K, capacity 21166K, committed 21296K, reserved 1067008K
  class space    used 2861K, capacity 2934K, committed 2944K, reserved 1048576K
}
Event: 4.083 GC heap before
{Heap before GC invocations=5 (full 1):
 PSYoungGen      total 141824K, used 131072K [0x000000076b300000, 0x000000077c800000, 0x00000007c0000000)
  eden space 131072K, 100% used [0x000000076b300000,0x0000000773300000,0x0000000773300000)
  from space 10752K, 0% used [0x0000000773300000,0x0000000773300000,0x0000000773d80000)
  to   space 10752K, 0% used [0x000000077bd80000,0x000000077bd80000,0x000000077c800000)
 ParOldGen       total 100352K, used 8163K [0x00000006c1800000, 0x00000006c7a00000, 0x000000076b300000)
  object space 100352K, 8% used [0x00000006c1800000,0x00000006c1ff8e28,0x00000006c7a00000)
 Metaspace       used 31185K, capacity 31714K, committed 32000K, reserved 1077248K
  class space    used 4298K, capacity 4510K, committed 4608K, reserved 1048576K
Event: 4.091 GC heap after
Heap after GC invocations=5 (full 1):
 PSYoungGen      total 219136K, used 10738K [0x000000076b300000, 0x000000077c800000, 0x00000007c0000000)
  eden space 208384K, 0% used [0x000000076b300000,0x000000076b300000,0x0000000777e80000)
  from space 10752K, 99% used [0x000000077bd80000,0x000000077c7fcb48,0x000000077c800000)
  to   space 10752K, 0% used [0x000000077b300000,0x000000077b300000,0x000000077bd80000)
 ParOldGen       total 100352K, used 10277K [0x00000006c1800000, 0x00000006c7a00000, 0x000000076b300000)
  object space 100352K, 10% used [0x00000006c1800000,0x00000006c2209488,0x00000006c7a00000)
 Metaspace       used 31185K, capacity 31714K, committed 32000K, reserved 1077248K
  class space    used 4298K, capacity 4510K, committed 4608K, reserved 1048576K
}
Event: 4.673 GC heap before
{Heap before GC invocations=6 (full 1):
 PSYoungGen      total 219136K, used 81722K [0x000000076b300000, 0x000000077c800000, 0x00000007c0000000)
  eden space 208384K, 34% used [0x000000076b300000,0x000000076f8520b0,0x0000000777e80000)
  from space 10752K, 99% used [0x000000077bd80000,0x000000077c7fcb48,0x000000077c800000)
  to   space 10752K, 0% used [0x000000077b300000,0x000000077b300000,0x000000077bd80000)
 ParOldGen       total 100352K, used 10277K [0x00000006c1800000, 0x00000006c7a00000, 0x000000076b300000)
  object space 100352K, 10% used [0x00000006c1800000,0x00000006c2209488,0x00000006c7a00000)
 Metaspace       used 34610K, capacity 35150K, committed 35496K, reserved 1079296K
  class space    used 4709K, capacity 4859K, committed 4864K, reserved 1048576K
Event: 4.682 GC heap after
Heap after GC invocations=6 (full 1):
 PSYoungGen      total 219136K, used 10724K [0x000000076b300000, 0x000000077c800000, 0x00000007c0000000)
  eden space 208384K, 0% used [0x000000076b300000,0x000000076b300000,0x0000000777e80000)
  from space 10752K, 99% used [0x000000077b300000,0x000000077bd79128,0x000000077bd80000)
  to   space 10752K, 0% used [0x000000077bd80000,0x000000077bd80000,0x000000077c800000)
 ParOldGen       total 100352K, used 11519K [0x00000006c1800000, 0x00000006c7a00000, 0x000000076b300000)
  object space 100352K, 11% used [0x00000006c1800000,0x00000006c233fec0,0x00000006c7a00000)
 Metaspace       used 34610K, capacity 35150K, committed 35496K, reserved 1079296K
  class space    used 4709K, capacity 4859K, committed 4864K, reserved 1048576K
}
Event: 4.682 GC heap before
{Heap before GC invocations=7 (full 2):
 PSYoungGen      total 219136K, used 10724K [0x000000076b300000, 0x000000077c800000, 0x00000007c0000000)
  eden space 208384K, 0% used [0x000000076b300000,0x000000076b300000,0x0000000777e80000)
  from space 10752K, 99% used [0x000000077b300000,0x000000077bd79128,0x000000077bd80000)
  to   space 10752K, 0% used [0x000000077bd80000,0x000000077bd80000,0x000000077c800000)
 ParOldGen       total 100352K, used 11519K [0x00000006c1800000, 0x00000006c7a00000, 0x000000076b300000)
  object space 100352K, 11% used [0x00000006c1800000,0x00000006c233fec0,0x00000006c7a00000)
 Metaspace       used 34610K, capacity 35150K, committed 35496K, reserved 1079296K
  class space    used 4709K, capacity 4859K, committed 4864K, reserved 1048576K
Event: 4.738 GC heap after
Heap after GC invocations=7 (full 2):
 PSYoungGen      total 219136K, used 0K [0x000000076b300000, 0x000000077c800000, 0x00000007c0000000)
  eden space 208384K, 0% used [0x000000076b300000,0x000000076b300000,0x0000000777e80000)
  from space 10752K, 0% used [0x000000077b300000,0x000000077b300000,0x000000077bd80000)
  to   space 10752K, 0% used [0x000000077bd80000,0x000000077bd80000,0x000000077c800000)
 ParOldGen       total 151552K, used 19657K [0x00000006c1800000, 0x00000006cac00000, 0x000000076b300000)
  object space 151552K, 12% used [0x00000006c1800000,0x00000006c2b32740,0x00000006cac00000)
 Metaspace       used 34610K, capacity 35150K, committed 35496K, reserved 1079296K
  class space    used 4709K, capacity 4859K, committed 4864K, reserved 1048576K
}
Event: 8.183 GC heap before
{Heap before GC invocations=8 (full 2):
 PSYoungGen      total 219136K, used 208384K [0x000000076b300000, 0x000000077c800000, 0x00000007c0000000)
  eden space 208384K, 100% used [0x000000076b300000,0x0000000777e80000,0x0000000777e80000)
  from space 10752K, 0% used [0x000000077b300000,0x000000077b300000,0x000000077bd80000)
  to   space 10752K, 0% used [0x000000077bd80000,0x000000077bd80000,0x000000077c800000)
 ParOldGen       total 151552K, used 19657K [0x00000006c1800000, 0x00000006cac00000, 0x000000076b300000)
  object space 151552K, 12% used [0x00000006c1800000,0x00000006c2b32740,0x00000006cac00000)
 Metaspace       used 43776K, capacity 44750K, committed 44928K, reserved 1087488K
  class space    used 5924K, capacity 6185K, committed 6272K, reserved 1048576K
Event: 8.195 GC heap after
Heap after GC invocations=8 (full 2):
 PSYoungGen      total 219136K, used 10738K [0x000000076b300000, 0x000000077c800000, 0x00000007c0000000)
  eden space 208384K, 0% used [0x000000076b300000,0x000000076b300000,0x0000000777e80000)
  from space 10752K, 99% used [0x000000077bd80000,0x000000077c7fc868,0x000000077c800000)
  to   space 10752K, 0% used [0x000000077b300000,0x000000077b300000,0x000000077bd80000)
 ParOldGen       total 151552K, used 23888K [0x00000006c1800000, 0x00000006cac00000, 0x000000076b300000)
  object space 151552K, 15% used [0x00000006c1800000,0x00000006c2f54140,0x00000006cac00000)
 Metaspace       used 43776K, capacity 44750K, committed 44928K, reserved 1087488K
  class space    used 5924K, capacity 6185K, committed 6272K, reserved 1048576K
}

